{
    "level": "\u001b[31merror\u001b[39m",
    "message": "middlewareError",
    "meta": {
        "date": "Fri Jan 07 2022 11:39:13 GMT+0600 (Bangladesh Standard Time)",
        "error": {
            "code": 11000,
            "index": 0,
            "keyPattern": {
                "username": 1
            },
            "keyValue": {
                "username": "pirate4"
            }
        },
        "exception": true,
        "level": "error",
        "message": "uncaughtException: E11000 duplicate key error collection: trackit.users index: username_1 dup key: { username: \"pirate4\" }\nMongoServerError: E11000 duplicate key error collection: trackit.users index: username_1 dup key: { username: \"pirate4\" }\n    at /Users/shrikantamazumder/Development/projects/track-it-server/node_modules/mongodb/lib/operations/insert.js:51:33\n    at /Users/shrikantamazumder/Development/projects/track-it-server/node_modules/mongodb/lib/cmap/connection_pool.js:272:25\n    at handleOperationResult (/Users/shrikantamazumder/Development/projects/track-it-server/node_modules/mongodb/lib/sdam/server.js:370:9)\n    at MessageStream.messageHandler (/Users/shrikantamazumder/Development/projects/track-it-server/node_modules/mongodb/lib/cmap/connection.js:479:9)\n    at MessageStream.emit (node:events:390:28)\n    at MessageStream.emit (node:domain:475:12)\n    at processIncomingData (/Users/shrikantamazumder/Development/projects/track-it-server/node_modules/mongodb/lib/cmap/message_stream.js:108:16)\n    at MessageStream._write (/Users/shrikantamazumder/Development/projects/track-it-server/node_modules/mongodb/lib/cmap/message_stream.js:28:9)\n    at writeOrBuffer (node:internal/streams/writable:389:12)\n    at _write (node:internal/streams/writable:330:10)",
        "os": {
            "loadavg": [
                1.8291015625,
                1.72265625,
                1.6376953125
            ],
            "uptime": 3978
        },
        "process": {
            "argv": [
                "/usr/local/bin/node",
                "/Users/shrikantamazumder/Development/projects/track-it-server/index.js"
            ],
            "cwd": "/Users/shrikantamazumder/Development/projects/track-it-server",
            "execPath": "/usr/local/bin/node",
            "gid": 20,
            "memoryUsage": {
                "arrayBuffers": 41222083,
                "external": 42877457,
                "heapTotal": 45121536,
                "heapUsed": 39124560,
                "rss": 92372992
            },
            "pid": 2855,
            "uid": 501,
            "version": "v16.13.0"
        },
        "req": {
            "headers": {
                "accept": "*/*",
                "accept-encoding": "gzip, deflate, br",
                "cache-control": "no-cache",
                "connection": "keep-alive",
                "content-length": 29,
                "content-type": "application/json",
                "host": "localhost:3000",
                "postman-token": "7edd7571-8a51-49f7-a9f2-75bf6583e228",
                "user-agent": "PostmanRuntime/7.28.4",
                "x-correlation-id": 1641533953899
            },
            "httpVersion": 1.1,
            "method": "POST",
            "originalUrl": "/users",
            "query": {},
            "url": "/users"
        },
        "stack": "MongoServerError: E11000 duplicate key error collection: trackit.users index: username_1 dup key: { username: \"pirate4\" }\n    at /Users/shrikantamazumder/Development/projects/track-it-server/node_modules/mongodb/lib/operations/insert.js:51:33\n    at /Users/shrikantamazumder/Development/projects/track-it-server/node_modules/mongodb/lib/cmap/connection_pool.js:272:25\n    at handleOperationResult (/Users/shrikantamazumder/Development/projects/track-it-server/node_modules/mongodb/lib/sdam/server.js:370:9)\n    at MessageStream.messageHandler (/Users/shrikantamazumder/Development/projects/track-it-server/node_modules/mongodb/lib/cmap/connection.js:479:9)\n    at MessageStream.emit (node:events:390:28)\n    at MessageStream.emit (node:domain:475:12)\n    at processIncomingData (/Users/shrikantamazumder/Development/projects/track-it-server/node_modules/mongodb/lib/cmap/message_stream.js:108:16)\n    at MessageStream._write (/Users/shrikantamazumder/Development/projects/track-it-server/node_modules/mongodb/lib/cmap/message_stream.js:28:9)\n    at writeOrBuffer (node:internal/streams/writable:389:12)\n    at _write (node:internal/streams/writable:330:10)",
        "trace": [
            {
                "column": 33,
                "file": "/Users/shrikantamazumder/Development/projects/track-it-server/node_modules/mongodb/lib/operations/insert.js",
                "function": null,
                "line": 51,
                "method": null,
                "native": false
            },
            {
                "column": 25,
                "file": "/Users/shrikantamazumder/Development/projects/track-it-server/node_modules/mongodb/lib/cmap/connection_pool.js",
                "function": null,
                "line": 272,
                "method": null,
                "native": false
            },
            {
                "column": 9,
                "file": "/Users/shrikantamazumder/Development/projects/track-it-server/node_modules/mongodb/lib/sdam/server.js",
                "function": "handleOperationResult",
                "line": 370,
                "method": null,
                "native": false
            },
            {
                "column": 9,
                "file": "/Users/shrikantamazumder/Development/projects/track-it-server/node_modules/mongodb/lib/cmap/connection.js",
                "function": "MessageStream.messageHandler",
                "line": 479,
                "method": "messageHandler",
                "native": false
            },
            {
                "column": 28,
                "file": "node:events",
                "function": "MessageStream.emit",
                "line": 390,
                "method": "emit",
                "native": false
            },
            {
                "column": 12,
                "file": "node:domain",
                "function": "MessageStream.emit",
                "line": 475,
                "method": "emit",
                "native": false
            },
            {
                "column": 16,
                "file": "/Users/shrikantamazumder/Development/projects/track-it-server/node_modules/mongodb/lib/cmap/message_stream.js",
                "function": "processIncomingData",
                "line": 108,
                "method": null,
                "native": false
            },
            {
                "column": 9,
                "file": "/Users/shrikantamazumder/Development/projects/track-it-server/node_modules/mongodb/lib/cmap/message_stream.js",
                "function": "MessageStream._write",
                "line": 28,
                "method": "_write",
                "native": false
            },
            {
                "column": 12,
                "file": "node:internal/streams/writable",
                "function": "writeOrBuffer",
                "line": 389,
                "method": null,
                "native": false
            },
            {
                "column": 10,
                "file": "node:internal/streams/writable",
                "function": "_write",
                "line": 330,
                "method": null,
                "native": false
            }
        ]
    }
}
{"level":"\u001b[31merror\u001b[39m","message":"middlewareError","meta":{"date":"Fri Jan 07 2022 11:42:57 GMT+0600 (Bangladesh Standard Time)","error":{"code":11000,"index":0,"keyPattern":{"username":1},"keyValue":{"username":"pirate4"}},"exception":true,"level":"error","message":"uncaughtException: E11000 duplicate key error collection: trackit.users index: username_1 dup key: { username: \"pirate4\" }\nMongoServerError: E11000 duplicate key error collection: trackit.users index: username_1 dup key: { username: \"pirate4\" }\n    at /Users/shrikantamazumder/Development/projects/track-it-server/node_modules/mongodb/lib/operations/insert.js:51:33\n    at /Users/shrikantamazumder/Development/projects/track-it-server/node_modules/mongodb/lib/cmap/connection_pool.js:272:25\n    at handleOperationResult (/Users/shrikantamazumder/Development/projects/track-it-server/node_modules/mongodb/lib/sdam/server.js:370:9)\n    at MessageStream.messageHandler (/Users/shrikantamazumder/Development/projects/track-it-server/node_modules/mongodb/lib/cmap/connection.js:479:9)\n    at MessageStream.emit (node:events:390:28)\n    at MessageStream.emit (node:domain:475:12)\n    at processIncomingData (/Users/shrikantamazumder/Development/projects/track-it-server/node_modules/mongodb/lib/cmap/message_stream.js:108:16)\n    at MessageStream._write (/Users/shrikantamazumder/Development/projects/track-it-server/node_modules/mongodb/lib/cmap/message_stream.js:28:9)\n    at writeOrBuffer (node:internal/streams/writable:389:12)\n    at _write (node:internal/streams/writable:330:10)","os":{"loadavg":[1.04052734375,1.35986328125,1.48779296875],"uptime":4202},"process":{"argv":["/usr/local/bin/node","/Users/shrikantamazumder/Development/projects/track-it-server/index.js"],"cwd":"/Users/shrikantamazumder/Development/projects/track-it-server","execPath":"/usr/local/bin/node","gid":20,"memoryUsage":{"arrayBuffers":41944689,"external":54250360,"heapTotal":77807616,"heapUsed":51375464,"rss":136331264},"pid":2900,"uid":501,"version":"v16.13.0"},"req":{"headers":{"accept":"*/*","accept-encoding":"gzip, deflate, br","cache-control":"no-cache","connection":"keep-alive","content-length":"29","content-type":"application/json","host":"localhost:3000","postman-token":"cb11f4bc-a9dd-4f60-a0a2-2a92270fbced","user-agent":"PostmanRuntime/7.28.4","x-correlation-id":"1641534174278"},"httpVersion":"1.1","method":"POST","originalUrl":"/users","query":{},"url":"/users"},"stack":"MongoServerError: E11000 duplicate key error collection: trackit.users index: username_1 dup key: { username: \"pirate4\" }\n    at /Users/shrikantamazumder/Development/projects/track-it-server/node_modules/mongodb/lib/operations/insert.js:51:33\n    at /Users/shrikantamazumder/Development/projects/track-it-server/node_modules/mongodb/lib/cmap/connection_pool.js:272:25\n    at handleOperationResult (/Users/shrikantamazumder/Development/projects/track-it-server/node_modules/mongodb/lib/sdam/server.js:370:9)\n    at MessageStream.messageHandler (/Users/shrikantamazumder/Development/projects/track-it-server/node_modules/mongodb/lib/cmap/connection.js:479:9)\n    at MessageStream.emit (node:events:390:28)\n    at MessageStream.emit (node:domain:475:12)\n    at processIncomingData (/Users/shrikantamazumder/Development/projects/track-it-server/node_modules/mongodb/lib/cmap/message_stream.js:108:16)\n    at MessageStream._write (/Users/shrikantamazumder/Development/projects/track-it-server/node_modules/mongodb/lib/cmap/message_stream.js:28:9)\n    at writeOrBuffer (node:internal/streams/writable:389:12)\n    at _write (node:internal/streams/writable:330:10)","trace":[{"column":33,"file":"/Users/shrikantamazumder/Development/projects/track-it-server/node_modules/mongodb/lib/operations/insert.js","function":null,"line":51,"method":null,"native":false},{"column":25,"file":"/Users/shrikantamazumder/Development/projects/track-it-server/node_modules/mongodb/lib/cmap/connection_pool.js","function":null,"line":272,"method":null,"native":false},{"column":9,"file":"/Users/shrikantamazumder/Development/projects/track-it-server/node_modules/mongodb/lib/sdam/server.js","function":"handleOperationResult","line":370,"method":null,"native":false},{"column":9,"file":"/Users/shrikantamazumder/Development/projects/track-it-server/node_modules/mongodb/lib/cmap/connection.js","function":"MessageStream.messageHandler","line":479,"method":"messageHandler","native":false},{"column":28,"file":"node:events","function":"MessageStream.emit","line":390,"method":"emit","native":false},{"column":12,"file":"node:domain","function":"MessageStream.emit","line":475,"method":"emit","native":false},{"column":16,"file":"/Users/shrikantamazumder/Development/projects/track-it-server/node_modules/mongodb/lib/cmap/message_stream.js","function":"processIncomingData","line":108,"method":null,"native":false},{"column":9,"file":"/Users/shrikantamazumder/Development/projects/track-it-server/node_modules/mongodb/lib/cmap/message_stream.js","function":"MessageStream._write","line":28,"method":"_write","native":false},{"column":12,"file":"node:internal/streams/writable","function":"writeOrBuffer","line":389,"method":null,"native":false},{"column":10,"file":"node:internal/streams/writable","function":"_write","line":330,"method":null,"native":false}]}}
