{
    "level": "\u001b[32minfo\u001b[39m",
    "message": {
        "correlationId": "1641499226092",
        "requestBody": {
            "username": "pirate4",
            "createdAt": "2022-01-06T20:00:26.095Z"
        }
    },
    "meta": {
        "req": {
            "headers": {
                "accept": "*/*",
                "accept-encoding": "gzip, deflate, br",
                "cache-control": "no-cache",
                "connection": "keep-alive",
                "content-length": 29,
                "content-type": "application/json",
                "cookie": "XSRF-TOKEN=323d9fbbe7ea0865a334e73fd6bf3d02syCPCOFZjTP7IgJ8l6ObqiYbYVKCJfJcqXGymEpekLUEGMsTS9NxZUfqg0yjT9XKb%2Bi%2B6rfHwxSXRkxfQvE%2BKPPfsS00bd7LGD%2F8zjfcEGJVb4vQqC35xEwn8WVg1UIz",
                "host": "localhost:3000",
                "postman-token": "3f0d1426-a35c-4bc7-bf9f-f9768768fac3",
                "user-agent": "PostmanRuntime/7.28.4",
                "x-correlation-id": 1641499226092
            },
            "httpVersion": 1.1,
            "method": "POST",
            "originalUrl": "/users",
            "query": {},
            "url": "/users"
        },
        "res": {
            "statusCode": 500
        },
        "responseTime": 104
    }
}
